-------------------------------------------------------------------------------
Test set: TestSuite
-------------------------------------------------------------------------------
Tests run: 3, Failures: 1, Errors: 0, Skipped: 0, Time elapsed: 0.738 s <<< FAILURE! - in TestSuite
demoTest3(com.tapzo.testing.Demo)  Time elapsed: 0.008 s  <<< FAILURE!
java.lang.AssertionError: expected [3] but found [2]
	at com.tapzo.testing.Demo.demoTest3(Demo.java:21)

